01-14 15:41:08 root 1331:Loading system fonts.
01-14 15:41:29 root 1198:Font "UbuntuMono-B" does not natively support style "Regular" using "Path" instead
01-14 15:41:29 unfiltered 871:Found SVG layer: F.SilkS
01-14 15:41:29 root 928:  Writing Text with 9 points
01-14 15:41:29 root 928:  Writing Text with 46 points
01-14 15:41:29 root 1198:Font "UbuntuMono-B" does not natively support style "Regular" using "Path" instead
01-14 15:41:29 unfiltered 871:Found SVG layer: F.SilkS
01-14 15:41:29 root 928:  Writing Text with 9 points
01-14 15:41:29 root 928:  Writing Text with 46 points
01-14 15:41:29 root 928:  Writing Text with 43 points
01-14 15:41:30 root 1198:Font "UbuntuMono-B" does not natively support style "Regular" using "Path" instead
01-14 15:41:30 unfiltered 871:Found SVG layer: F.SilkS
01-14 15:41:30 root 928:  Writing Text with 9 points
01-14 15:41:30 root 928:  Writing Text with 28 points
01-14 15:41:30 root 928:  Writing Text with 46 points
01-14 15:41:30 root 928:  Writing Text with 43 points
01-14 15:41:34 root 1198:Font "mplus-1mn-medium" does not natively support style "Regular" using "Path" instead
01-14 15:41:34 unfiltered 871:Found SVG layer: F.SilkS
01-14 15:41:34 root 928:  Writing Text with 9 points
01-14 15:41:34 root 928:  Writing Text with 23 points
01-14 15:41:34 root 928:  Writing Text with 41 points
01-14 15:41:34 root 928:  Writing Text with 37 points
01-14 15:41:36 root 1198:Font "FredokaOne" does not natively support style "Regular" using "Path" instead
01-14 15:41:36 unfiltered 871:Found SVG layer: F.SilkS
01-14 15:41:36 root 928:  Writing Text with 26 points
01-14 15:41:36 root 928:  Writing Text with 44 points
01-14 15:41:36 root 928:  Writing Text with 44 points
01-14 15:41:36 root 928:  Writing Text with 45 points
01-14 15:41:40 root 1198:Font "FredokaOne" does not natively support style "Regular" using "Path" instead
01-14 15:41:40 unfiltered 871:Found SVG layer: F.SilkS
01-14 15:41:40 root 928:  Writing Text with 26 points
01-14 15:41:40 root 928:  Writing Text with 44 points
01-14 15:41:40 root 928:  Writing Text with 44 points
01-14 15:41:40 root 928:  Writing Text with 45 points
01-14 15:41:44 root 1198:Font "FredokaOne" does not natively support style "Regular" using "Path" instead
01-14 15:41:44 unfiltered 871:Found SVG layer: F.SilkS
01-14 15:41:44 root 928:  Writing Text with 165 points
01-14 15:41:44 root 928:  Writing Text with 7 points
01-14 15:41:47 root 1198:Font "FredokaOne" does not natively support style "Regular" using "Path" instead
01-14 15:41:47 unfiltered 871:Found SVG layer: F.SilkS
01-14 15:41:47 root 928:  Writing Text with 165 points
01-14 15:41:47 root 928:  Writing Text with 7 points
01-14 15:41:50 root 1198:Font "FredokaOne" does not natively support style "Regular" using "Path" instead
01-14 15:41:50 unfiltered 871:Found SVG layer: F.SilkS
01-14 15:41:50 root 928:  Writing Text with 195 points
01-14 15:41:50 root 928:  Writing Text with 7 points
01-14 15:41:53 root 1198:Font "FredokaOne" does not natively support style "Regular" using "Path" instead
01-14 15:41:53 unfiltered 871:Found SVG layer: F.SilkS
01-14 15:41:53 root 928:  Writing Text with 226 points
01-14 15:41:53 root 928:  Writing Text with 7 points
01-14 15:45:28 root 1198:Font "FredokaOne" does not natively support style "Regular" using "Path" instead
01-14 15:45:28 unfiltered 871:Found SVG layer: F.SilkS
01-14 15:45:28 root 928:  Writing Text with 226 points
01-14 15:45:28 root 928:  Writing Text with 7 points
01-14 15:45:30 root 1198:Font "FredokaOne" does not natively support style "Regular" using "Path" instead
01-14 15:45:30 unfiltered 871:Found SVG layer: F.SilkS
01-14 15:45:30 root 928:  Writing Text with 127 points
01-14 15:45:30 root 1198:Font "FredokaOne" does not natively support style "Regular" using "Path" instead
01-14 15:45:30 unfiltered 871:Found SVG layer: F.SilkS
01-14 15:45:30 root 928:  Writing Text with 178 points
01-14 15:45:30 root 928:  Writing Text with 13 points
01-14 15:45:31 root 1198:Font "FredokaOne" does not natively support style "Regular" using "Path" instead
01-14 15:45:31 unfiltered 871:Found SVG layer: F.SilkS
01-14 15:45:31 root 928:  Writing Text with 219 points
01-14 15:45:31 root 928:  Writing Text with 13 points
01-14 15:45:31 root 1198:Font "FredokaOne" does not natively support style "Regular" using "Path" instead
01-14 15:45:31 unfiltered 871:Found SVG layer: F.SilkS
01-14 15:45:31 root 928:  Writing Text with 278 points
01-14 15:45:31 root 928:  Writing Text with 13 points
01-14 15:45:31 root 1198:Font "FredokaOne" does not natively support style "Regular" using "Path" instead
01-14 15:45:31 unfiltered 871:Found SVG layer: F.SilkS
01-14 15:45:31 root 928:  Writing Text with 365 points
01-14 15:45:31 root 928:  Writing Text with 13 points
01-14 15:45:34 root 1198:Font "FredokaOne" does not natively support style "Regular" using "Path" instead
01-14 15:45:34 unfiltered 871:Found SVG layer: F.SilkS
01-14 15:45:34 root 928:  Writing Text with 335 points
01-14 15:45:34 root 928:  Writing Text with 13 points
01-14 15:45:36 root 1198:Font "FredokaOne" does not natively support style "Regular" using "Path" instead
01-14 15:45:36 unfiltered 871:Found SVG layer: F.SilkS
01-14 15:45:36 root 928:  Writing Text with 305 points
01-14 15:45:36 root 928:  Writing Text with 13 points
01-14 15:45:40 root 1198:Font "FredokaOne" does not natively support style "Regular" using "Path" instead
01-14 15:45:40 unfiltered 871:Found SVG layer: F.SilkS
01-14 15:45:40 root 928:  Writing Text with 305 points
01-14 15:45:40 root 928:  Writing Text with 13 points
01-14 15:45:44 root 1198:Font "FredokaOne" does not natively support style "Regular" using "Path" instead
01-14 15:45:44 unfiltered 871:Found SVG layer: F.SilkS
01-14 15:45:44 root 928:  Writing Text with 305 points
01-14 15:45:44 root 928:  Writing Text with 13 points
01-14 15:45:46 root 1198:Font "FredokaOne" does not natively support style "Regular" using "Path" instead
01-14 15:45:46 unfiltered 871:Found SVG layer: F.SilkS
01-14 15:45:46 root 928:  Writing Text with 305 points
01-14 15:45:46 root 928:  Writing Text with 13 points
01-14 15:45:47 unfiltered 871:Found SVG layer: F.SilkS
01-14 15:45:47 root 928:  Writing Text with 305 points
01-14 15:45:47 root 928:  Writing Text with 13 points
01-14 15:46:13 root 1198:Font "FredokaOne" does not natively support style "Regular" using "Path" instead
01-14 15:46:13 unfiltered 871:Found SVG layer: F.SilkS
01-14 15:46:13 root 928:  Writing Text with 305 points
01-14 15:46:13 root 928:  Writing Text with 13 points
01-14 15:46:15 unfiltered 871:Found SVG layer: F.SilkS
01-14 15:46:15 root 928:  Writing Text with 305 points
01-14 15:46:15 root 928:  Writing Text with 13 points
01-14 15:46:25 root 1198:Font "FredokaOne" does not natively support style "Regular" using "Path" instead
01-14 15:46:25 unfiltered 871:Found SVG layer: F.SilkS
01-14 15:46:25 root 928:  Writing Text with 305 points
01-14 15:46:25 root 928:  Writing Text with 13 points
01-14 15:46:31 root 1198:Font "FredokaOne" does not natively support style "Regular" using "Path" instead
01-14 15:46:31 unfiltered 871:Found SVG layer: F.SilkS
01-14 15:46:31 root 928:  Writing Text with 305 points
01-14 15:46:31 root 928:  Writing Text with 13 points
01-14 15:46:31 root 1198:Font "FredokaOne" does not natively support style "Regular" using "Path" instead
01-14 15:46:31 unfiltered 871:Found SVG layer: F.SilkS
01-14 15:46:31 root 928:  Writing Text with 305 points
01-14 15:46:31 root 928:  Writing Text with 13 points
01-14 15:46:32 root 1198:Font "FredokaOne" does not natively support style "Regular" using "Path" instead
01-14 15:46:32 unfiltered 871:Found SVG layer: F.SilkS
01-14 15:46:32 root 928:  Writing Text with 305 points
01-14 15:46:32 root 928:  Writing Text with 13 points
01-14 15:46:32 root 1198:Font "FredokaOne" does not natively support style "Regular" using "Path" instead
01-14 15:46:32 unfiltered 871:Found SVG layer: F.SilkS
01-14 15:46:33 root 928:  Writing Text with 305 points
01-14 15:46:33 root 928:  Writing Text with 13 points
01-14 15:46:33 root 1198:Font "FredokaOne" does not natively support style "Regular" using "Path" instead
01-14 15:46:33 unfiltered 871:Found SVG layer: F.SilkS
01-14 15:46:33 root 928:  Writing Text with 305 points
01-14 15:46:33 root 928:  Writing Text with 13 points
01-14 15:46:33 root 1198:Font "FredokaOne" does not natively support style "Regular" using "Path" instead
01-14 15:46:33 unfiltered 871:Found SVG layer: F.SilkS
01-14 15:46:33 root 928:  Writing Text with 305 points
01-14 15:46:33 root 928:  Writing Text with 13 points
01-14 15:46:33 root 1198:Font "FredokaOne" does not natively support style "Regular" using "Path" instead
01-14 15:46:33 unfiltered 871:Found SVG layer: F.SilkS
01-14 15:46:33 root 928:  Writing Text with 305 points
01-14 15:46:33 root 928:  Writing Text with 13 points
01-14 15:46:35 root 1198:Font "FredokaOne" does not natively support style "Regular" using "Path" instead
01-14 15:46:35 unfiltered 871:Found SVG layer: F.SilkS
01-14 15:46:35 root 928:  Writing Text with 305 points
01-14 15:46:35 root 928:  Writing Text with 13 points
01-14 15:46:35 root 1198:Font "FredokaOne" does not natively support style "Regular" using "Path" instead
01-14 15:46:35 unfiltered 871:Found SVG layer: F.SilkS
01-14 15:46:35 root 928:  Writing Text with 305 points
01-14 15:46:35 root 928:  Writing Text with 13 points
01-14 15:46:43 unfiltered 871:Found SVG layer: F.SilkS
01-14 15:46:43 root 928:  Writing Text with 305 points
01-14 15:46:43 root 928:  Writing Text with 13 points
01-14 15:46:53 root 1198:Font "FredokaOne" does not natively support style "Regular" using "Path" instead
01-14 15:46:53 unfiltered 871:Found SVG layer: F.SilkS
01-14 15:46:53 root 928:  Writing Text with 305 points
01-14 15:46:53 root 928:  Writing Text with 13 points
01-14 15:46:55 root 1198:Font "FredokaOne" does not natively support style "Regular" using "Path" instead
01-14 15:46:55 unfiltered 871:Found SVG layer: F.SilkS
01-14 15:46:55 root 928:  Writing Text with 51 points
01-14 15:46:55 root 928:  Writing Text with 8 points
01-14 15:46:56 root 1198:Font "FredokaOne" does not natively support style "Regular" using "Path" instead
01-14 15:46:56 unfiltered 871:Found SVG layer: F.SilkS
01-14 15:46:56 root 928:  Writing Text with 123 points
01-14 15:46:56 root 928:  Writing Text with 8 points
01-14 15:46:56 root 928:  Writing Text with 13 points
01-14 15:46:56 root 1198:Font "FredokaOne" does not natively support style "Regular" using "Path" instead
01-14 15:46:56 unfiltered 871:Found SVG layer: F.SilkS
01-14 15:46:56 root 928:  Writing Text with 77 points
01-14 15:46:56 root 928:  Writing Text with 8 points
01-14 15:46:56 root 928:  Writing Text with 13 points
01-14 15:46:57 root 1198:Font "FredokaOne" does not natively support style "Regular" using "Path" instead
01-14 15:46:57 unfiltered 871:Found SVG layer: F.SilkS
01-14 15:46:57 root 928:  Writing Text with 126 points
01-14 15:46:57 root 928:  Writing Text with 8 points
01-14 15:46:57 root 928:  Writing Text with 13 points
01-14 15:46:57 root 1198:Font "FredokaOne" does not natively support style "Regular" using "Path" instead
01-14 15:46:57 unfiltered 871:Found SVG layer: F.SilkS
01-14 15:46:57 root 928:  Writing Text with 172 points
01-14 15:46:57 root 928:  Writing Text with 8 points
01-14 15:46:57 root 928:  Writing Text with 13 points
01-14 15:46:58 unfiltered 871:Found SVG layer: F.SilkS
01-14 15:46:59 root 928:  Writing Text with 172 points
01-14 15:46:59 root 928:  Writing Text with 8 points
01-14 15:46:59 root 928:  Writing Text with 13 points
01-14 15:47:08 root 1198:Font "FredokaOne" does not natively support style "Regular" using "Path" instead
01-14 15:47:08 unfiltered 871:Found SVG layer: F.SilkS
01-14 15:47:08 root 928:  Writing Text with 172 points
01-14 15:47:08 root 928:  Writing Text with 8 points
01-14 15:47:08 root 928:  Writing Text with 13 points
01-14 15:47:10 root 1198:Font "FredokaOne" does not natively support style "Regular" using "Path" instead
01-14 15:47:10 unfiltered 871:Found SVG layer: F.SilkS
01-14 15:47:10 root 928:  Writing Text with 70 points
01-14 15:47:10 root 1198:Font "FredokaOne" does not natively support style "Regular" using "Path" instead
01-14 15:47:10 unfiltered 871:Found SVG layer: F.SilkS
01-14 15:47:10 root 928:  Writing Text with 98 points
01-14 15:47:10 root 928:  Writing Text with 12 points
01-14 15:47:11 root 1198:Font "FredokaOne" does not natively support style "Regular" using "Path" instead
01-14 15:47:11 unfiltered 871:Found SVG layer: F.SilkS
01-14 15:47:11 root 928:  Writing Text with 164 points
01-14 15:47:11 root 928:  Writing Text with 12 points
01-14 15:47:11 root 1198:Font "FredokaOne" does not natively support style "Regular" using "Path" instead
01-14 15:47:11 root 1198:Font "FredokaOne" does not natively support style "Regular" using "Path" instead
01-14 15:47:11 unfiltered 871:Found SVG layer: F.SilkS
01-14 15:47:11 root 928:  Writing Text with 164 points
01-14 15:47:11 root 928:  Writing Text with 12 points
01-14 15:47:12 root 1198:Font "FredokaOne" does not natively support style "Regular" using "Path" instead
01-14 15:47:12 unfiltered 871:Found SVG layer: F.SilkS
01-14 15:47:12 root 928:  Writing Text with 164 points
01-14 15:47:12 root 928:  Writing Text with 12 points
01-14 15:47:14 unfiltered 871:Found SVG layer: F.SilkS
01-14 15:47:14 root 928:  Writing Text with 164 points
01-14 15:47:14 root 928:  Writing Text with 12 points
01-14 15:50:55 root 1198:Font "FredokaOne" does not natively support style "Regular" using "Path" instead
01-14 15:50:55 unfiltered 871:Found SVG layer: F.SilkS
01-14 15:50:55 root 928:  Writing Text with 164 points
01-14 15:50:55 root 928:  Writing Text with 12 points
01-14 15:50:59 root 1198:Font "FredokaOne" does not natively support style "Regular" using "Path" instead
01-14 15:50:59 unfiltered 871:Found SVG layer: F.SilkS
01-14 15:50:59 root 928:  Writing Text with 40 points
01-14 15:50:59 root 928:  Writing Text with 17 points
01-14 15:50:59 root 1198:Font "FredokaOne" does not natively support style "Regular" using "Path" instead
01-14 15:50:59 unfiltered 871:Found SVG layer: F.SilkS
01-14 15:50:59 root 928:  Writing Text with 92 points
01-14 15:50:59 root 928:  Writing Text with 17 points
01-14 15:50:59 root 928:  Writing Text with 13 points
01-14 15:50:59 root 928:  Writing Text with 13 points
01-14 15:51:00 root 1198:Font "FredokaOne" does not natively support style "Regular" using "Path" instead
01-14 15:51:00 unfiltered 871:Found SVG layer: F.SilkS
01-14 15:51:00 root 928:  Writing Text with 137 points
01-14 15:51:00 root 928:  Writing Text with 17 points
01-14 15:51:00 root 928:  Writing Text with 13 points
01-14 15:51:00 root 928:  Writing Text with 13 points
01-14 15:51:01 root 1198:Font "FredokaOne" does not natively support style "Regular" using "Path" instead
01-14 15:51:01 unfiltered 871:Found SVG layer: F.SilkS
01-14 15:51:01 root 928:  Writing Text with 174 points
01-14 15:51:01 root 928:  Writing Text with 18 points
01-14 15:51:01 root 928:  Writing Text with 17 points
01-14 15:51:01 root 928:  Writing Text with 13 points
01-14 15:51:01 root 928:  Writing Text with 13 points
01-14 15:51:05 root 1198:Font "mplus-1mn-medium" does not natively support style "Regular" using "Path" instead
01-14 15:51:05 unfiltered 871:Found SVG layer: F.SilkS
01-14 15:51:05 root 928:  Writing Text with 145 points
01-14 15:51:05 root 928:  Writing Text with 12 points
01-14 15:51:05 root 928:  Writing Text with 17 points
01-14 15:51:05 root 928:  Writing Text with 17 points
01-14 15:51:05 root 928:  Writing Text with 11 points
01-14 15:51:05 root 928:  Writing Text with 12 points
01-14 15:51:05 root 928:  Writing Text with 11 points
01-14 15:51:08 root 1198:Font "UbuntuMono-B" does not natively support style "Regular" using "Path" instead
01-14 15:51:08 unfiltered 871:Found SVG layer: F.SilkS
01-14 15:51:08 root 928:  Writing Text with 166 points
01-14 15:51:08 root 928:  Writing Text with 31 points
01-14 15:51:08 root 928:  Writing Text with 17 points
01-14 15:51:08 root 928:  Writing Text with 17 points
01-14 15:51:08 root 928:  Writing Text with 11 points
01-14 15:51:08 root 928:  Writing Text with 11 points
01-14 15:51:10 root 1198:Font "FredokaOne" does not natively support style "Regular" using "Path" instead
01-14 15:51:10 unfiltered 871:Found SVG layer: F.SilkS
01-14 15:51:10 root 928:  Writing Text with 174 points
01-14 15:51:10 root 928:  Writing Text with 18 points
01-14 15:51:10 root 928:  Writing Text with 17 points
01-14 15:51:10 root 928:  Writing Text with 13 points
01-14 15:51:10 root 928:  Writing Text with 13 points
01-14 15:51:15 root 1198:Font "FredokaOne" does not natively support style "Regular" using "Path" instead
01-14 15:51:15 unfiltered 871:Found SVG layer: F.SilkS
01-14 15:51:15 root 928:  Writing Text with 173 points
01-14 15:51:15 root 928:  Writing Text with 18 points
01-14 15:51:15 root 928:  Writing Text with 17 points
01-14 15:51:15 root 928:  Writing Text with 13 points
01-14 15:51:15 root 928:  Writing Text with 13 points
01-14 15:51:22 root 1198:Font "FredokaOne" does not natively support style "Regular" using "Path" instead
01-14 15:51:22 unfiltered 871:Found SVG layer: F.SilkS
01-14 15:51:22 root 928:  Writing Text with 173 points
01-14 15:51:22 root 928:  Writing Text with 18 points
01-14 15:51:22 root 928:  Writing Text with 17 points
01-14 15:51:22 root 928:  Writing Text with 13 points
01-14 15:51:22 root 928:  Writing Text with 13 points
01-14 15:51:27 root 1198:Font "FredokaOne" does not natively support style "Regular" using "Path" instead
01-14 15:51:27 unfiltered 871:Found SVG layer: F.SilkS
01-14 15:51:27 root 928:  Writing Text with 203 points
01-14 15:51:27 root 928:  Writing Text with 18 points
01-14 15:51:27 root 928:  Writing Text with 17 points
01-14 15:51:27 root 928:  Writing Text with 13 points
01-14 15:51:27 root 928:  Writing Text with 13 points
01-14 15:51:32 root 1198:Font "FredokaOne" does not natively support style "Regular" using "Path" instead
01-14 15:51:32 unfiltered 871:Found SVG layer: F.SilkS
01-14 15:51:32 root 928:  Writing Text with 173 points
01-14 15:51:32 root 928:  Writing Text with 18 points
01-14 15:51:32 root 928:  Writing Text with 17 points
01-14 15:51:32 root 928:  Writing Text with 13 points
01-14 15:51:32 root 928:  Writing Text with 13 points
01-14 15:51:33 unfiltered 871:Found SVG layer: F.SilkS
01-14 15:51:33 root 928:  Writing Text with 173 points
01-14 15:51:33 root 928:  Writing Text with 18 points
01-14 15:51:33 root 928:  Writing Text with 17 points
01-14 15:51:33 root 928:  Writing Text with 13 points
01-14 15:51:33 root 928:  Writing Text with 13 points
01-14 15:52:09 root 1198:Font "FredokaOne" does not natively support style "Regular" using "Path" instead
01-14 15:52:09 unfiltered 871:Found SVG layer: F.SilkS
01-14 15:52:09 root 928:  Writing Text with 173 points
01-14 15:52:09 root 928:  Writing Text with 18 points
01-14 15:52:09 root 928:  Writing Text with 17 points
01-14 15:52:09 root 928:  Writing Text with 13 points
01-14 15:52:09 root 928:  Writing Text with 13 points
01-14 15:52:16 root 1198:Font "FredokaOne" does not natively support style "Regular" using "Path" instead
01-14 15:52:16 unfiltered 871:Found SVG layer: F.SilkS
01-14 15:52:16 root 928:  Writing Text with 173 points
01-14 15:52:16 root 928:  Writing Text with 18 points
01-14 15:52:16 root 928:  Writing Text with 17 points
01-14 15:52:16 root 928:  Writing Text with 13 points
01-14 15:52:16 root 928:  Writing Text with 13 points
01-14 15:52:17 root 1198:Font "FredokaOne" does not natively support style "Regular" using "Path" instead
01-14 15:52:17 unfiltered 871:Found SVG layer: F.SilkS
01-14 15:52:17 root 928:  Writing Text with 173 points
01-14 15:52:17 root 928:  Writing Text with 18 points
01-14 15:52:17 root 928:  Writing Text with 17 points
01-14 15:52:17 root 928:  Writing Text with 13 points
01-14 15:52:17 root 928:  Writing Text with 13 points
01-14 15:52:19 root 1198:Font "FredokaOne" does not natively support style "Regular" using "Path" instead
01-14 15:52:19 unfiltered 871:Found SVG layer: F.SilkS
01-14 15:52:19 root 928:  Writing Text with 173 points
01-14 15:52:19 root 928:  Writing Text with 18 points
01-14 15:52:19 root 928:  Writing Text with 17 points
01-14 15:52:19 root 928:  Writing Text with 13 points
01-14 15:52:19 root 928:  Writing Text with 13 points
01-14 15:52:20 root 1198:Font "FredokaOne" does not natively support style "Regular" using "Path" instead
01-14 15:52:20 unfiltered 871:Found SVG layer: F.SilkS
01-14 15:52:20 root 928:  Writing Text with 173 points
01-14 15:52:20 root 928:  Writing Text with 18 points
01-14 15:52:20 root 928:  Writing Text with 17 points
01-14 15:52:20 root 928:  Writing Text with 13 points
01-14 15:52:20 root 928:  Writing Text with 13 points
01-14 15:52:20 root 1198:Font "FredokaOne" does not natively support style "Regular" using "Path" instead
01-14 15:52:20 unfiltered 871:Found SVG layer: F.SilkS
01-14 15:52:20 root 928:  Writing Text with 173 points
01-14 15:52:20 root 928:  Writing Text with 18 points
01-14 15:52:20 root 928:  Writing Text with 17 points
01-14 15:52:20 root 928:  Writing Text with 13 points
01-14 15:52:20 root 928:  Writing Text with 13 points
01-14 15:52:21 root 1198:Font "FredokaOne" does not natively support style "Regular" using "Path" instead
01-14 15:52:21 unfiltered 871:Found SVG layer: F.SilkS
01-14 15:52:21 root 928:  Writing Text with 173 points
01-14 15:52:21 root 928:  Writing Text with 18 points
01-14 15:52:21 root 928:  Writing Text with 17 points
01-14 15:52:21 root 928:  Writing Text with 13 points
01-14 15:52:21 root 928:  Writing Text with 13 points
01-14 15:52:21 root 1198:Font "FredokaOne" does not natively support style "Regular" using "Path" instead
01-14 15:52:21 unfiltered 871:Found SVG layer: F.SilkS
01-14 15:52:21 root 928:  Writing Text with 173 points
01-14 15:52:21 root 928:  Writing Text with 18 points
01-14 15:52:21 root 928:  Writing Text with 17 points
01-14 15:52:21 root 928:  Writing Text with 13 points
01-14 15:52:21 root 928:  Writing Text with 13 points
01-14 15:52:22 root 1198:Font "FredokaOne" does not natively support style "Regular" using "Path" instead
01-14 15:52:22 unfiltered 871:Found SVG layer: F.SilkS
01-14 15:52:22 root 928:  Writing Text with 173 points
01-14 15:52:22 root 928:  Writing Text with 18 points
01-14 15:52:22 root 928:  Writing Text with 17 points
01-14 15:52:22 root 928:  Writing Text with 13 points
01-14 15:52:22 root 928:  Writing Text with 13 points
01-14 15:52:24 root 1198:Font "FredokaOne" does not natively support style "Regular" using "Path" instead
01-14 15:52:24 unfiltered 871:Found SVG layer: F.SilkS
01-14 15:52:24 root 928:  Writing Text with 173 points
01-14 15:52:24 root 928:  Writing Text with 18 points
01-14 15:52:24 root 928:  Writing Text with 17 points
01-14 15:52:24 root 928:  Writing Text with 13 points
01-14 15:52:24 root 928:  Writing Text with 13 points
01-14 15:52:24 root 1198:Font "FredokaOne" does not natively support style "Regular" using "Path" instead
01-14 15:52:24 unfiltered 871:Found SVG layer: F.SilkS
01-14 15:52:24 root 928:  Writing Text with 173 points
01-14 15:52:24 root 928:  Writing Text with 18 points
01-14 15:52:24 root 928:  Writing Text with 17 points
01-14 15:52:24 root 928:  Writing Text with 13 points
01-14 15:52:24 root 928:  Writing Text with 13 points
01-14 15:52:24 root 1198:Font "FredokaOne" does not natively support style "Regular" using "Path" instead
01-14 15:52:24 unfiltered 871:Found SVG layer: F.SilkS
01-14 15:52:24 root 928:  Writing Text with 173 points
01-14 15:52:24 root 928:  Writing Text with 18 points
01-14 15:52:24 root 928:  Writing Text with 17 points
01-14 15:52:24 root 928:  Writing Text with 13 points
01-14 15:52:24 root 928:  Writing Text with 13 points
01-14 15:52:27 unfiltered 871:Found SVG layer: F.SilkS
01-14 15:52:27 root 928:  Writing Text with 173 points
01-14 15:52:27 root 928:  Writing Text with 18 points
01-14 15:52:27 root 928:  Writing Text with 17 points
01-14 15:52:27 root 928:  Writing Text with 13 points
01-14 15:52:27 root 928:  Writing Text with 13 points
01-14 15:52:44 root 1198:Font "FredokaOne" does not natively support style "Regular" using "Path" instead
01-14 15:52:44 unfiltered 871:Found SVG layer: F.SilkS
01-14 15:52:44 root 928:  Writing Text with 173 points
01-14 15:52:44 root 928:  Writing Text with 18 points
01-14 15:52:44 root 928:  Writing Text with 17 points
01-14 15:52:44 root 928:  Writing Text with 13 points
01-14 15:52:44 root 928:  Writing Text with 13 points
01-14 15:52:46 root 1198:Font "FredokaOne" does not natively support style "Regular" using "Path" instead
01-14 15:52:46 unfiltered 871:Found SVG layer: F.SilkS
01-14 15:52:46 root 928:  Writing Text with 136 points
01-14 15:52:46 root 928:  Writing Text with 17 points
01-14 15:52:46 root 928:  Writing Text with 13 points
01-14 15:52:46 root 928:  Writing Text with 13 points
01-14 15:52:46 root 1198:Font "FredokaOne" does not natively support style "Regular" using "Path" instead
01-14 15:52:46 unfiltered 871:Found SVG layer: F.SilkS
01-14 15:52:46 root 928:  Writing Text with 160 points
01-14 15:52:46 root 928:  Writing Text with 17 points
01-14 15:52:46 root 928:  Writing Text with 13 points
01-14 15:52:46 root 928:  Writing Text with 13 points
01-14 15:52:49 root 1198:Font "FredokaOne" does not natively support style "Regular" using "Path" instead
01-14 15:52:49 unfiltered 871:Found SVG layer: F.SilkS
01-14 15:52:49 root 928:  Writing Text with 160 points
01-14 15:52:49 root 928:  Writing Text with 17 points
01-14 15:52:49 root 928:  Writing Text with 13 points
01-14 15:52:49 root 928:  Writing Text with 13 points
01-14 15:52:51 root 1198:Font "FredokaOne" does not natively support style "Regular" using "Path" instead
01-14 15:52:51 unfiltered 871:Found SVG layer: F.SilkS
01-14 15:52:51 root 928:  Writing Text with 160 points
01-14 15:52:51 root 928:  Writing Text with 17 points
01-14 15:52:51 root 928:  Writing Text with 13 points
01-14 15:52:51 root 928:  Writing Text with 13 points
01-14 15:52:51 root 1198:Font "FredokaOne" does not natively support style "Regular" using "Path" instead
01-14 15:52:51 unfiltered 871:Found SVG layer: F.SilkS
01-14 15:52:51 root 928:  Writing Text with 160 points
01-14 15:52:51 root 928:  Writing Text with 17 points
01-14 15:52:51 root 928:  Writing Text with 13 points
01-14 15:52:51 root 928:  Writing Text with 13 points
01-14 15:52:56 root 1198:Font "FredokaOne" does not natively support style "Regular" using "Path" instead
01-14 15:52:56 unfiltered 871:Found SVG layer: F.SilkS
01-14 15:52:56 root 928:  Writing Text with 159 points
01-14 15:52:56 root 928:  Writing Text with 17 points
01-14 15:52:56 root 928:  Writing Text with 13 points
01-14 15:52:56 root 928:  Writing Text with 13 points
01-14 15:52:59 root 1198:Font "FredokaOne" does not natively support style "Regular" using "Path" instead
01-14 15:52:59 unfiltered 871:Found SVG layer: F.SilkS
01-14 15:52:59 root 928:  Writing Text with 160 points
01-14 15:52:59 root 928:  Writing Text with 17 points
01-14 15:52:59 root 928:  Writing Text with 13 points
01-14 15:52:59 root 928:  Writing Text with 13 points
01-14 15:53:01 unfiltered 871:Found SVG layer: F.SilkS
01-14 15:53:01 root 928:  Writing Text with 160 points
01-14 15:53:01 root 928:  Writing Text with 17 points
01-14 15:53:01 root 928:  Writing Text with 13 points
01-14 15:53:01 root 928:  Writing Text with 13 points
01-14 15:54:59 root 1198:Font "FredokaOne" does not natively support style "Regular" using "Path" instead
01-14 15:54:59 unfiltered 871:Found SVG layer: F.SilkS
01-14 15:54:59 root 928:  Writing Text with 160 points
01-14 15:54:59 root 928:  Writing Text with 17 points
01-14 15:54:59 root 928:  Writing Text with 13 points
01-14 15:54:59 root 928:  Writing Text with 13 points
01-14 15:55:07 root 1198:Font "FredokaOne" does not natively support style "Regular" using "Path" instead
01-14 15:55:07 unfiltered 871:Found SVG layer: F.SilkS
01-14 15:55:07 root 928:  Writing Text with 160 points
01-14 15:55:07 root 928:  Writing Text with 17 points
01-14 15:55:07 root 928:  Writing Text with 13 points
01-14 15:55:07 root 928:  Writing Text with 13 points
01-14 15:55:07 root 1198:Font "FredokaOne" does not natively support style "Regular" using "Path" instead
01-14 15:55:07 unfiltered 871:Found SVG layer: F.SilkS
01-14 15:55:07 root 928:  Writing Text with 160 points
01-14 15:55:07 root 928:  Writing Text with 17 points
01-14 15:55:07 root 928:  Writing Text with 13 points
01-14 15:55:07 root 928:  Writing Text with 13 points
01-14 15:55:09 root 1198:Font "FredokaOne" does not natively support style "Regular" using "Path" instead
01-14 15:55:09 unfiltered 871:Found SVG layer: F.SilkS
01-14 15:55:09 root 928:  Writing Text with 160 points
01-14 15:55:09 root 928:  Writing Text with 17 points
01-14 15:55:09 root 928:  Writing Text with 13 points
01-14 15:55:09 root 928:  Writing Text with 13 points
01-14 15:55:10 root 1198:Font "FredokaOne" does not natively support style "Regular" using "Path" instead
01-14 15:55:10 unfiltered 871:Found SVG layer: F.SilkS
01-14 15:55:10 root 928:  Writing Text with 160 points
01-14 15:55:10 root 928:  Writing Text with 17 points
01-14 15:55:10 root 928:  Writing Text with 13 points
01-14 15:55:10 root 928:  Writing Text with 13 points
01-14 15:55:10 root 1198:Font "FredokaOne" does not natively support style "Regular" using "Path" instead
01-14 15:55:10 unfiltered 871:Found SVG layer: F.SilkS
01-14 15:55:10 root 928:  Writing Text with 160 points
01-14 15:55:10 root 928:  Writing Text with 17 points
01-14 15:55:10 root 928:  Writing Text with 13 points
01-14 15:55:10 root 928:  Writing Text with 13 points
01-14 15:55:10 root 1198:Font "FredokaOne" does not natively support style "Regular" using "Path" instead
01-14 15:55:10 unfiltered 871:Found SVG layer: F.SilkS
01-14 15:55:10 root 928:  Writing Text with 160 points
01-14 15:55:10 root 928:  Writing Text with 17 points
01-14 15:55:10 root 928:  Writing Text with 13 points
01-14 15:55:10 root 928:  Writing Text with 13 points
01-14 15:55:13 unfiltered 871:Found SVG layer: F.SilkS
01-14 15:55:13 root 928:  Writing Text with 160 points
01-14 15:55:13 root 928:  Writing Text with 17 points
01-14 15:55:13 root 928:  Writing Text with 13 points
01-14 15:55:13 root 928:  Writing Text with 13 points
01-14 15:55:45 root 1198:Font "FredokaOne" does not natively support style "Regular" using "Path" instead
01-14 15:55:45 unfiltered 871:Found SVG layer: F.SilkS
01-14 15:55:45 root 928:  Writing Text with 160 points
01-14 15:55:45 root 928:  Writing Text with 17 points
01-14 15:55:45 root 928:  Writing Text with 13 points
01-14 15:55:45 root 928:  Writing Text with 13 points
01-14 15:55:47 root 1198:Font "FredokaOne" does not natively support style "Regular" using "Path" instead
01-14 15:55:47 unfiltered 871:Found SVG layer: F.SilkS
01-14 15:55:47 root 928:  Writing Text with 87 points
01-14 15:55:47 root 928:  Writing Text with 8 points
01-14 15:55:47 root 1198:Font "FredokaOne" does not natively support style "Regular" using "Path" instead
01-14 15:55:47 unfiltered 871:Found SVG layer: F.SilkS
01-14 15:55:47 root 928:  Writing Text with 87 points
01-14 15:55:47 root 928:  Writing Text with 8 points
01-14 15:55:47 root 928:  Writing Text with 7 points
01-14 15:55:48 root 1198:Font "FredokaOne" does not natively support style "Regular" using "Path" instead
01-14 15:55:48 unfiltered 871:Found SVG layer: F.SilkS
01-14 15:55:48 root 928:  Writing Text with 133 points
01-14 15:55:48 root 928:  Writing Text with 8 points
01-14 15:55:48 root 928:  Writing Text with 7 points
01-14 15:55:48 root 1198:Font "FredokaOne" does not natively support style "Regular" using "Path" instead
01-14 15:55:48 unfiltered 871:Found SVG layer: F.SilkS
01-14 15:55:48 root 928:  Writing Text with 170 points
01-14 15:55:48 root 928:  Writing Text with 8 points
01-14 15:55:48 root 928:  Writing Text with 7 points
01-14 15:55:48 root 928:  Writing Text with 7 points
01-14 15:55:48 root 1198:Font "FredokaOne" does not natively support style "Regular" using "Path" instead
01-14 15:55:48 unfiltered 871:Found SVG layer: F.SilkS
01-14 15:55:48 root 928:  Writing Text with 215 points
01-14 15:55:48 root 928:  Writing Text with 8 points
01-14 15:55:48 root 928:  Writing Text with 7 points
01-14 15:55:48 root 928:  Writing Text with 7 points
01-14 15:55:54 root 1198:Font "FredokaOne" does not natively support style "Regular" using "Path" instead
01-14 15:55:54 unfiltered 871:Found SVG layer: F.SilkS
01-14 15:55:54 root 928:  Writing Text with 216 points
01-14 15:55:54 root 928:  Writing Text with 8 points
01-14 15:55:54 root 928:  Writing Text with 7 points
01-14 15:55:54 root 928:  Writing Text with 7 points
01-14 15:55:57 root 1198:Font "FredokaOne" does not natively support style "Regular" using "Path" instead
01-14 15:55:57 unfiltered 871:Found SVG layer: F.SilkS
01-14 15:55:57 root 928:  Writing Text with 215 points
01-14 15:55:57 root 928:  Writing Text with 8 points
01-14 15:55:57 root 928:  Writing Text with 7 points
01-14 15:55:57 root 928:  Writing Text with 7 points
01-14 15:56:00 root 1198:Font "FredokaOne" does not natively support style "Regular" using "Path" instead
01-14 15:56:00 unfiltered 871:Found SVG layer: F.SilkS
01-14 15:56:00 root 928:  Writing Text with 215 points
01-14 15:56:00 root 928:  Writing Text with 8 points
01-14 15:56:00 root 928:  Writing Text with 7 points
01-14 15:56:00 root 928:  Writing Text with 7 points
01-14 15:56:05 root 1198:Font "FredokaOne" does not natively support style "Regular" using "Path" instead
01-14 15:56:05 unfiltered 871:Found SVG layer: F.SilkS
01-14 15:56:05 root 928:  Writing Text with 215 points
01-14 15:56:05 root 928:  Writing Text with 8 points
01-14 15:56:05 root 928:  Writing Text with 7 points
01-14 15:56:05 root 928:  Writing Text with 7 points
01-14 15:56:06 root 1198:Font "FredokaOne" does not natively support style "Regular" using "Path" instead
01-14 15:56:06 unfiltered 871:Found SVG layer: F.SilkS
01-14 15:56:06 root 928:  Writing Text with 215 points
01-14 15:56:06 root 928:  Writing Text with 8 points
01-14 15:56:06 root 928:  Writing Text with 7 points
01-14 15:56:06 root 928:  Writing Text with 7 points
01-14 15:56:06 root 1198:Font "FredokaOne" does not natively support style "Regular" using "Path" instead
01-14 15:56:06 unfiltered 871:Found SVG layer: F.SilkS
01-14 15:56:06 root 928:  Writing Text with 215 points
01-14 15:56:06 root 928:  Writing Text with 8 points
01-14 15:56:06 root 928:  Writing Text with 7 points
01-14 15:56:06 root 928:  Writing Text with 7 points
01-14 15:56:10 root 1198:Font "FredokaOne" does not natively support style "Regular" using "Path" instead
01-14 15:56:10 unfiltered 871:Found SVG layer: F.SilkS
01-14 15:56:10 root 928:  Writing Text with 215 points
01-14 15:56:10 root 928:  Writing Text with 8 points
01-14 15:56:10 root 928:  Writing Text with 7 points
01-14 15:56:10 root 928:  Writing Text with 7 points
01-14 15:56:10 root 1198:Font "FredokaOne" does not natively support style "Regular" using "Path" instead
01-14 15:56:10 unfiltered 871:Found SVG layer: F.SilkS
01-14 15:56:10 root 928:  Writing Text with 215 points
01-14 15:56:10 root 928:  Writing Text with 8 points
01-14 15:56:10 root 928:  Writing Text with 7 points
01-14 15:56:10 root 928:  Writing Text with 7 points
01-14 15:56:15 root 1198:Font "FredokaOne" does not natively support style "Regular" using "Path" instead
01-14 15:56:15 unfiltered 871:Found SVG layer: F.SilkS
01-14 15:56:15 root 928:  Writing Text with 215 points
01-14 15:56:15 root 928:  Writing Text with 8 points
01-14 15:56:15 root 928:  Writing Text with 7 points
01-14 15:56:15 root 928:  Writing Text with 7 points
01-14 15:56:16 root 1198:Font "FredokaOne" does not natively support style "Regular" using "Path" instead
01-14 15:56:16 unfiltered 871:Found SVG layer: F.SilkS
01-14 15:56:16 root 928:  Writing Text with 215 points
01-14 15:56:16 root 928:  Writing Text with 8 points
01-14 15:56:16 root 928:  Writing Text with 7 points
01-14 15:56:16 root 928:  Writing Text with 7 points
01-14 15:56:18 root 1198:Font "FredokaOne" does not natively support style "Regular" using "Path" instead
01-14 15:56:18 unfiltered 871:Found SVG layer: F.SilkS
01-14 15:56:18 root 928:  Writing Text with 215 points
01-14 15:56:18 root 928:  Writing Text with 8 points
01-14 15:56:18 root 928:  Writing Text with 7 points
01-14 15:56:18 root 928:  Writing Text with 7 points
01-14 15:56:21 root 1198:Font "FredokaOne" does not natively support style "Regular" using "Path" instead
01-14 15:56:21 unfiltered 871:Found SVG layer: F.SilkS
01-14 15:56:21 root 928:  Writing Text with 215 points
01-14 15:56:21 root 928:  Writing Text with 8 points
01-14 15:56:21 root 928:  Writing Text with 7 points
01-14 15:56:21 root 928:  Writing Text with 7 points
01-14 15:56:23 root 1198:Font "FredokaOne" does not natively support style "Regular" using "Path" instead
01-14 15:56:23 unfiltered 871:Found SVG layer: F.SilkS
01-14 15:56:23 root 928:  Writing Text with 215 points
01-14 15:56:23 root 928:  Writing Text with 8 points
01-14 15:56:23 root 928:  Writing Text with 7 points
01-14 15:56:23 root 928:  Writing Text with 7 points
01-14 15:56:27 root 1198:Font "FredokaOne" does not natively support style "Regular" using "Path" instead
01-14 15:56:27 unfiltered 871:Found SVG layer: F.SilkS
01-14 15:56:27 root 928:  Writing Text with 215 points
01-14 15:56:27 root 928:  Writing Text with 8 points
01-14 15:56:27 root 928:  Writing Text with 7 points
01-14 15:56:27 root 928:  Writing Text with 7 points
01-14 15:56:28 root 1198:Font "FredokaOne" does not natively support style "Regular" using "Path" instead
01-14 15:56:28 unfiltered 871:Found SVG layer: F.SilkS
01-14 15:56:28 root 928:  Writing Text with 215 points
01-14 15:56:28 root 928:  Writing Text with 8 points
01-14 15:56:28 root 928:  Writing Text with 7 points
01-14 15:56:28 root 928:  Writing Text with 7 points
01-14 15:56:31 root 1198:Font "FredokaOne" does not natively support style "Regular" using "Path" instead
01-14 15:56:31 unfiltered 871:Found SVG layer: F.SilkS
01-14 15:56:31 root 928:  Writing Text with 278 points
01-14 15:56:31 root 928:  Writing Text with 8 points
01-14 15:56:31 root 928:  Writing Text with 7 points
01-14 15:56:31 root 928:  Writing Text with 7 points
01-14 15:56:33 unfiltered 871:Found SVG layer: F.SilkS
01-14 15:56:33 root 928:  Writing Text with 278 points
01-14 15:56:33 root 928:  Writing Text with 8 points
01-14 15:56:33 root 928:  Writing Text with 7 points
01-14 15:56:33 root 928:  Writing Text with 7 points
01-14 15:57:00 root 1198:Font "FredokaOne" does not natively support style "Regular" using "Path" instead
01-14 15:57:00 unfiltered 871:Found SVG layer: F.SilkS
01-14 15:57:00 root 928:  Writing Text with 278 points
01-14 15:57:00 root 928:  Writing Text with 8 points
01-14 15:57:00 root 928:  Writing Text with 7 points
01-14 15:57:00 root 928:  Writing Text with 7 points
01-14 15:57:06 root 1198:Font "FredokaOne" does not natively support style "Regular" using "Path" instead
01-14 15:57:06 unfiltered 871:Found SVG layer: F.SilkS
01-14 15:57:06 root 928:  Writing Text with 278 points
01-14 15:57:06 root 928:  Writing Text with 8 points
01-14 15:57:06 root 928:  Writing Text with 7 points
01-14 15:57:06 root 928:  Writing Text with 7 points
01-14 15:57:06 root 1198:Font "FredokaOne" does not natively support style "Regular" using "Path" instead
01-14 15:57:06 unfiltered 871:Found SVG layer: F.SilkS
01-14 15:57:06 root 928:  Writing Text with 278 points
01-14 15:57:06 root 928:  Writing Text with 8 points
01-14 15:57:06 root 928:  Writing Text with 7 points
01-14 15:57:06 root 928:  Writing Text with 7 points
01-14 15:57:08 root 1198:Font "FredokaOne" does not natively support style "Regular" using "Path" instead
01-14 15:57:08 unfiltered 871:Found SVG layer: F.SilkS
01-14 15:57:08 root 928:  Writing Text with 278 points
01-14 15:57:08 root 928:  Writing Text with 8 points
01-14 15:57:08 root 928:  Writing Text with 7 points
01-14 15:57:08 root 928:  Writing Text with 7 points
01-14 15:57:08 root 1198:Font "FredokaOne" does not natively support style "Regular" using "Path" instead
01-14 15:57:08 unfiltered 871:Found SVG layer: F.SilkS
01-14 15:57:08 root 928:  Writing Text with 342 points
01-14 15:57:08 root 928:  Writing Text with 8 points
01-14 15:57:08 root 928:  Writing Text with 7 points
01-14 15:57:08 root 928:  Writing Text with 7 points
01-14 15:57:09 root 1198:Font "FredokaOne" does not natively support style "Regular" using "Path" instead
01-14 15:57:09 unfiltered 871:Found SVG layer: F.SilkS
01-14 15:57:09 root 928:  Writing Text with 278 points
01-14 15:57:09 root 928:  Writing Text with 8 points
01-14 15:57:09 root 928:  Writing Text with 7 points
01-14 15:57:09 root 928:  Writing Text with 7 points
01-14 15:57:10 root 1198:Font "FredokaOne" does not natively support style "Regular" using "Path" instead
01-14 15:57:10 unfiltered 871:Found SVG layer: F.SilkS
01-14 15:57:10 root 928:  Writing Text with 342 points
01-14 15:57:10 root 928:  Writing Text with 8 points
01-14 15:57:10 root 928:  Writing Text with 7 points
01-14 15:57:10 root 928:  Writing Text with 7 points
01-14 15:57:11 root 1198:Font "FredokaOne" does not natively support style "Regular" using "Path" instead
01-14 15:57:11 unfiltered 871:Found SVG layer: F.SilkS
01-14 15:57:11 root 928:  Writing Text with 278 points
01-14 15:57:11 root 928:  Writing Text with 8 points
01-14 15:57:11 root 928:  Writing Text with 7 points
01-14 15:57:11 root 928:  Writing Text with 7 points
01-14 15:57:11 root 1198:Font "FredokaOne" does not natively support style "Regular" using "Path" instead
01-14 15:57:11 unfiltered 871:Found SVG layer: F.SilkS
01-14 15:57:11 root 928:  Writing Text with 342 points
01-14 15:57:11 root 928:  Writing Text with 8 points
01-14 15:57:11 root 928:  Writing Text with 7 points
01-14 15:57:11 root 928:  Writing Text with 7 points
01-14 15:57:14 root 1198:Font "FredokaOne" does not natively support style "Regular" using "Path" instead
01-14 15:57:14 unfiltered 871:Found SVG layer: F.SilkS
01-14 15:57:14 root 928:  Writing Text with 278 points
01-14 15:57:14 root 928:  Writing Text with 8 points
01-14 15:57:14 root 928:  Writing Text with 7 points
01-14 15:57:14 root 928:  Writing Text with 7 points
01-14 15:57:14 root 1198:Font "FredokaOne" does not natively support style "Regular" using "Path" instead
01-14 15:57:14 unfiltered 871:Found SVG layer: F.SilkS
01-14 15:57:14 root 928:  Writing Text with 342 points
01-14 15:57:14 root 928:  Writing Text with 8 points
01-14 15:57:14 root 928:  Writing Text with 7 points
01-14 15:57:14 root 928:  Writing Text with 7 points
01-14 15:57:16 unfiltered 871:Found SVG layer: F.SilkS
01-14 15:57:16 root 928:  Writing Text with 342 points
01-14 15:57:16 root 928:  Writing Text with 8 points
01-14 15:57:16 root 928:  Writing Text with 7 points
01-14 15:57:16 root 928:  Writing Text with 7 points
01-14 15:57:34 root 1198:Font "FredokaOne" does not natively support style "Regular" using "Path" instead
01-14 15:57:34 unfiltered 871:Found SVG layer: F.SilkS
01-14 15:57:34 root 928:  Writing Text with 342 points
01-14 15:57:34 root 928:  Writing Text with 8 points
01-14 15:57:34 root 928:  Writing Text with 7 points
01-14 15:57:34 root 928:  Writing Text with 7 points
01-14 15:57:37 root 1198:Font "FredokaOne" does not natively support style "Regular" using "Path" instead
01-14 15:57:37 unfiltered 871:Found SVG layer: F.SilkS
01-14 15:57:37 root 928:  Writing Text with 342 points
01-14 15:57:37 root 928:  Writing Text with 8 points
01-14 15:57:37 root 928:  Writing Text with 7 points
01-14 15:57:37 root 928:  Writing Text with 7 points
01-14 15:57:37 root 1198:Font "FredokaOne" does not natively support style "Regular" using "Path" instead
01-14 15:57:37 unfiltered 871:Found SVG layer: F.SilkS
01-14 15:57:37 root 928:  Writing Text with 342 points
01-14 15:57:37 root 928:  Writing Text with 8 points
01-14 15:57:37 root 928:  Writing Text with 7 points
01-14 15:57:37 root 928:  Writing Text with 7 points
01-14 15:57:39 root 1198:Font "FredokaOne" does not natively support style "Regular" using "Path" instead
01-14 15:57:39 unfiltered 871:Found SVG layer: F.SilkS
01-14 15:57:39 root 928:  Writing Text with 342 points
01-14 15:57:39 root 928:  Writing Text with 8 points
01-14 15:57:39 root 928:  Writing Text with 7 points
01-14 15:57:39 root 928:  Writing Text with 7 points
01-14 15:57:40 root 1198:Font "FredokaOne" does not natively support style "Regular" using "Path" instead
01-14 15:57:40 unfiltered 871:Found SVG layer: F.SilkS
01-14 15:57:40 root 928:  Writing Text with 342 points
01-14 15:57:40 root 928:  Writing Text with 8 points
01-14 15:57:40 root 928:  Writing Text with 7 points
01-14 15:57:40 root 928:  Writing Text with 7 points
01-14 15:57:42 unfiltered 871:Found SVG layer: F.SilkS
01-14 15:57:42 root 928:  Writing Text with 342 points
01-14 15:57:42 root 928:  Writing Text with 8 points
01-14 15:57:42 root 928:  Writing Text with 7 points
01-14 15:57:42 root 928:  Writing Text with 7 points
01-14 16:06:10 root 1198:Font "FredokaOne" does not natively support style "Regular" using "Path" instead
01-14 16:06:10 unfiltered 871:Found SVG layer: F.SilkS
01-14 16:06:10 root 928:  Writing Text with 342 points
01-14 16:06:10 root 928:  Writing Text with 8 points
01-14 16:06:10 root 928:  Writing Text with 7 points
01-14 16:06:10 root 928:  Writing Text with 7 points
01-14 16:06:14 root 1198:Font "FredokaOne" does not natively support style "Regular" using "Path" instead
01-14 16:06:14 root 1198:Font "FredokaOne" does not natively support style "Regular" using "Path" instead
01-14 16:06:14 unfiltered 871:Found SVG layer: F.SilkS
01-14 16:06:14 root 928:  Writing Text with 342 points
01-14 16:06:14 root 928:  Writing Text with 8 points
01-14 16:06:14 root 928:  Writing Text with 7 points
01-14 16:06:14 root 928:  Writing Text with 7 points
01-14 16:06:15 root 1198:Font "FredokaOne" does not natively support style "Regular" using "Path" instead
01-14 16:06:15 unfiltered 871:Found SVG layer: F.SilkS
01-14 16:06:15 root 928:  Writing Text with 342 points
01-14 16:06:15 root 928:  Writing Text with 8 points
01-14 16:06:15 root 928:  Writing Text with 7 points
01-14 16:06:15 root 928:  Writing Text with 7 points
01-14 16:06:15 root 1198:Font "FredokaOne" does not natively support style "Regular" using "Path" instead
01-14 16:06:15 unfiltered 871:Found SVG layer: F.SilkS
01-14 16:06:15 root 928:  Writing Text with 342 points
01-14 16:06:15 root 928:  Writing Text with 8 points
01-14 16:06:15 root 928:  Writing Text with 7 points
01-14 16:06:15 root 928:  Writing Text with 7 points
01-14 16:06:15 root 1198:Font "FredokaOne" does not natively support style "Regular" using "Path" instead
01-14 16:06:15 unfiltered 871:Found SVG layer: F.SilkS
01-14 16:06:15 root 928:  Writing Text with 342 points
01-14 16:06:15 root 928:  Writing Text with 8 points
01-14 16:06:15 root 928:  Writing Text with 7 points
01-14 16:06:15 root 928:  Writing Text with 7 points
01-14 16:06:16 root 1198:Font "FredokaOne" does not natively support style "Regular" using "Path" instead
01-14 16:06:16 unfiltered 871:Found SVG layer: F.SilkS
01-14 16:06:16 root 928:  Writing Text with 165 points
01-14 16:06:16 root 928:  Writing Text with 12 points
01-14 16:06:17 root 1198:Font "FredokaOne" does not natively support style "Regular" using "Path" instead
01-14 16:06:17 unfiltered 871:Found SVG layer: F.SilkS
01-14 16:06:17 root 928:  Writing Text with 202 points
01-14 16:06:17 root 928:  Writing Text with 12 points
01-14 16:06:17 root 928:  Writing Text with 7 points
01-14 16:06:17 root 1198:Font "FredokaOne" does not natively support style "Regular" using "Path" instead
01-14 16:06:17 unfiltered 871:Found SVG layer: F.SilkS
01-14 16:06:17 root 928:  Writing Text with 277 points
01-14 16:06:17 root 928:  Writing Text with 12 points
01-14 16:06:17 root 928:  Writing Text with 9 points
01-14 16:06:17 root 928:  Writing Text with 7 points
01-14 16:06:17 root 1198:Font "FredokaOne" does not natively support style "Regular" using "Path" instead
01-14 16:06:17 unfiltered 871:Found SVG layer: F.SilkS
01-14 16:06:17 root 928:  Writing Text with 322 points
01-14 16:06:17 root 928:  Writing Text with 12 points
01-14 16:06:17 root 928:  Writing Text with 9 points
01-14 16:06:17 root 928:  Writing Text with 9 points
01-14 16:06:17 root 928:  Writing Text with 7 points
01-14 16:06:25 root 1198:Font "FredokaOne" does not natively support style "Regular" using "Path" instead
01-14 16:06:25 unfiltered 871:Found SVG layer: F.SilkS
01-14 16:06:25 root 928:  Writing Text with 196 points
01-14 16:06:25 root 928:  Writing Text with 12 points
01-14 16:06:25 root 928:  Writing Text with 9 points
01-14 16:06:25 root 928:  Writing Text with 9 points
01-14 16:06:25 root 928:  Writing Text with 7 points
01-14 16:06:28 root 1198:Font "FredokaOne" does not natively support style "Regular" using "Path" instead
01-14 16:06:28 unfiltered 871:Found SVG layer: F.SilkS
01-14 16:06:28 root 928:  Writing Text with 196 points
01-14 16:06:28 root 928:  Writing Text with 12 points
01-14 16:06:28 root 928:  Writing Text with 9 points
01-14 16:06:28 root 928:  Writing Text with 9 points
01-14 16:06:28 root 928:  Writing Text with 7 points
01-14 16:06:30 root 1198:Font "FredokaOne" does not natively support style "Regular" using "Path" instead
01-14 16:06:30 unfiltered 871:Found SVG layer: F.SilkS
01-14 16:06:30 root 928:  Writing Text with 196 points
01-14 16:06:30 root 928:  Writing Text with 12 points
01-14 16:06:30 root 928:  Writing Text with 9 points
01-14 16:06:30 root 928:  Writing Text with 9 points
01-14 16:06:30 root 928:  Writing Text with 7 points
01-14 16:06:31 root 1198:Font "FredokaOne" does not natively support style "Regular" using "Path" instead
01-14 16:06:31 unfiltered 871:Found SVG layer: F.SilkS
01-14 16:06:31 root 928:  Writing Text with 196 points
01-14 16:06:31 root 928:  Writing Text with 12 points
01-14 16:06:31 root 928:  Writing Text with 9 points
01-14 16:06:31 root 928:  Writing Text with 9 points
01-14 16:06:31 root 928:  Writing Text with 7 points
01-14 16:06:33 root 1198:Font "FredokaOne" does not natively support style "Regular" using "Path" instead
01-14 16:06:33 unfiltered 871:Found SVG layer: F.SilkS
01-14 16:06:33 root 928:  Writing Text with 196 points
01-14 16:06:33 root 928:  Writing Text with 12 points
01-14 16:06:33 root 928:  Writing Text with 9 points
01-14 16:06:33 root 928:  Writing Text with 9 points
01-14 16:06:33 root 928:  Writing Text with 7 points
01-14 16:06:36 unfiltered 871:Found SVG layer: F.SilkS
01-14 16:06:36 root 928:  Writing Text with 196 points
01-14 16:06:36 root 928:  Writing Text with 12 points
01-14 16:06:36 root 928:  Writing Text with 9 points
01-14 16:06:36 root 928:  Writing Text with 9 points
01-14 16:06:36 root 928:  Writing Text with 7 points
01-14 16:10:37 root 1198:Font "FredokaOne" does not natively support style "Regular" using "Path" instead
01-14 16:10:37 unfiltered 871:Found SVG layer: F.SilkS
01-14 16:10:37 root 928:  Writing Text with 196 points
01-14 16:10:37 root 928:  Writing Text with 12 points
01-14 16:10:37 root 928:  Writing Text with 9 points
01-14 16:10:37 root 928:  Writing Text with 9 points
01-14 16:10:37 root 928:  Writing Text with 7 points
01-14 16:10:39 root 1198:Font "FredokaOne" does not natively support style "Regular" using "Path" instead
01-14 16:10:39 unfiltered 871:Found SVG layer: F.SilkS
01-14 16:10:39 root 928:  Writing Text with 33 points
01-14 16:10:39 root 1198:Font "FredokaOne" does not natively support style "Regular" using "Path" instead
01-14 16:10:39 unfiltered 871:Found SVG layer: F.SilkS
01-14 16:10:39 root 928:  Writing Text with 70 points
01-14 16:10:40 root 1198:Font "FredokaOne" does not natively support style "Regular" using "Path" instead
01-14 16:10:40 unfiltered 871:Found SVG layer: F.SilkS
01-14 16:10:40 root 928:  Writing Text with 98 points
01-14 16:10:40 root 928:  Writing Text with 12 points
01-14 16:10:40 root 1198:Font "FredokaOne" does not natively support style "Regular" using "Path" instead
01-14 16:10:40 unfiltered 871:Found SVG layer: F.SilkS
01-14 16:10:40 root 928:  Writing Text with 144 points
01-14 16:10:40 root 928:  Writing Text with 12 points
01-14 16:10:44 root 1198:Font "FredokaOne" does not natively support style "Regular" using "Path" instead
01-14 16:10:44 unfiltered 871:Found SVG layer: F.SilkS
01-14 16:10:44 root 928:  Writing Text with 144 points
01-14 16:10:44 root 928:  Writing Text with 12 points
01-14 16:10:48 root 1198:Font "FredokaOne" does not natively support style "Regular" using "Path" instead
01-14 16:10:48 unfiltered 871:Found SVG layer: F.SilkS
01-14 16:10:48 root 928:  Writing Text with 174 points
01-14 16:10:48 root 928:  Writing Text with 12 points
01-14 16:10:51 root 1198:Font "FredokaOne" does not natively support style "Regular" using "Path" instead
01-14 16:10:51 unfiltered 871:Found SVG layer: F.SilkS
01-14 16:10:51 root 928:  Writing Text with 143 points
01-14 16:10:51 root 928:  Writing Text with 12 points
01-14 16:10:56 root 1198:Font "FredokaOne" does not natively support style "Regular" using "Path" instead
01-14 16:10:56 unfiltered 871:Found SVG layer: F.SilkS
01-14 16:10:56 root 928:  Writing Text with 174 points
01-14 16:10:56 root 928:  Writing Text with 12 points
01-14 16:11:05 root 1198:Font "FredokaOne" does not natively support style "Regular" using "Path" instead
01-14 16:11:05 unfiltered 871:Found SVG layer: F.SilkS
01-14 16:11:05 root 928:  Writing Text with 143 points
01-14 16:11:05 root 928:  Writing Text with 12 points
01-14 16:11:07 unfiltered 871:Found SVG layer: F.SilkS
01-14 16:11:07 root 928:  Writing Text with 143 points
01-14 16:11:07 root 928:  Writing Text with 12 points
01-14 16:12:00 root 1198:Font "FredokaOne" does not natively support style "Regular" using "Path" instead
01-14 16:12:00 unfiltered 871:Found SVG layer: F.SilkS
01-14 16:12:00 root 928:  Writing Text with 143 points
01-14 16:12:00 root 928:  Writing Text with 12 points
01-14 16:12:02 root 1198:Font "FredokaOne" does not natively support style "Regular" using "Path" instead
01-14 16:12:02 unfiltered 871:Found SVG layer: F.SilkS
01-14 16:12:02 root 928:  Writing Text with 97 points
01-14 16:12:02 root 928:  Writing Text with 12 points
01-14 16:12:02 root 1198:Font "FredokaOne" does not natively support style "Regular" using "Path" instead
01-14 16:12:02 unfiltered 871:Found SVG layer: F.SilkS
01-14 16:12:02 root 928:  Writing Text with 97 points
01-14 16:12:02 root 928:  Writing Text with 12 points
01-14 16:12:03 root 1198:Font "FredokaOne" does not natively support style "Regular" using "Path" instead
01-14 16:12:03 unfiltered 871:Found SVG layer: F.SilkS
01-14 16:12:03 root 928:  Writing Text with 134 points
01-14 16:12:03 root 928:  Writing Text with 12 points
01-14 16:12:03 root 928:  Writing Text with 18 points
01-14 16:12:07 root 1198:Font "FredokaOne" does not natively support style "Regular" using "Path" instead
01-14 16:12:07 unfiltered 871:Found SVG layer: F.SilkS
01-14 16:12:07 root 928:  Writing Text with 134 points
01-14 16:12:07 root 928:  Writing Text with 12 points
01-14 16:12:07 root 928:  Writing Text with 18 points
01-14 16:12:09 root 1198:Font "FredokaOne" does not natively support style "Regular" using "Path" instead
01-14 16:12:09 unfiltered 871:Found SVG layer: F.SilkS
01-14 16:12:09 root 928:  Writing Text with 134 points
01-14 16:12:09 root 928:  Writing Text with 12 points
01-14 16:12:09 root 928:  Writing Text with 18 points
01-14 16:12:13 root 1198:Font "FredokaOne" does not natively support style "Regular" using "Path" instead
01-14 16:12:13 unfiltered 871:Found SVG layer: F.SilkS
01-14 16:12:13 root 928:  Writing Text with 134 points
01-14 16:12:13 root 928:  Writing Text with 12 points
01-14 16:12:13 root 928:  Writing Text with 18 points
01-14 16:12:14 unfiltered 871:Found SVG layer: F.SilkS
01-14 16:12:14 root 928:  Writing Text with 134 points
01-14 16:12:14 root 928:  Writing Text with 12 points
01-14 16:12:14 root 928:  Writing Text with 18 points
01-14 16:12:20 root 1198:Font "FredokaOne" does not natively support style "Regular" using "Path" instead
01-14 16:12:20 unfiltered 871:Found SVG layer: F.SilkS
01-14 16:12:20 root 928:  Writing Text with 134 points
01-14 16:12:20 root 928:  Writing Text with 12 points
01-14 16:12:20 root 928:  Writing Text with 18 points
01-14 16:12:22 root 1198:Font "FredokaOne" does not natively support style "Regular" using "Path" instead
01-14 16:12:22 unfiltered 871:Found SVG layer: F.SilkS
01-14 16:12:22 root 928:  Writing Text with 97 points
01-14 16:12:22 root 928:  Writing Text with 12 points
01-14 16:12:22 root 1198:Font "FredokaOne" does not natively support style "Regular" using "Path" instead
01-14 16:12:22 unfiltered 871:Found SVG layer: F.SilkS
01-14 16:12:22 root 928:  Writing Text with 121 points
01-14 16:12:22 root 928:  Writing Text with 12 points
01-14 16:12:23 unfiltered 871:Found SVG layer: F.SilkS
01-14 16:12:23 root 928:  Writing Text with 121 points
01-14 16:12:23 root 928:  Writing Text with 12 points
01-14 16:12:33 root 1198:Font "FredokaOne" does not natively support style "Regular" using "Path" instead
01-14 16:12:33 unfiltered 871:Found SVG layer: F.SilkS
01-14 16:12:33 root 928:  Writing Text with 121 points
01-14 16:12:33 root 928:  Writing Text with 12 points
01-14 16:12:37 root 1198:Font "FredokaOne" does not natively support style "Regular" using "Path" instead
01-14 16:12:37 unfiltered 871:Found SVG layer: F.SilkS
01-14 16:12:37 root 928:  Writing Text with 121 points
01-14 16:12:37 root 928:  Writing Text with 12 points
01-14 16:12:38 root 1198:Font "FredokaOne" does not natively support style "Regular" using "Path" instead
01-14 16:12:38 unfiltered 871:Found SVG layer: F.SilkS
01-14 16:12:38 root 928:  Writing Text with 121 points
01-14 16:12:38 root 928:  Writing Text with 12 points
01-14 16:12:39 root 1198:Font "FredokaOne" does not natively support style "Regular" using "Path" instead
01-14 16:12:39 unfiltered 871:Found SVG layer: F.SilkS
01-14 16:12:39 root 928:  Writing Text with 121 points
01-14 16:12:39 root 928:  Writing Text with 12 points
01-14 16:12:39 root 1198:Font "FredokaOne" does not natively support style "Regular" using "Path" instead
01-14 16:12:39 unfiltered 871:Found SVG layer: F.SilkS
01-14 16:12:39 root 928:  Writing Text with 121 points
01-14 16:12:39 root 928:  Writing Text with 12 points
01-14 16:12:40 root 1198:Font "FredokaOne" does not natively support style "Regular" using "Path" instead
01-14 16:12:40 unfiltered 871:Found SVG layer: F.SilkS
01-14 16:12:40 root 928:  Writing Text with 121 points
01-14 16:12:40 root 928:  Writing Text with 12 points
01-14 16:12:41 root 1198:Font "FredokaOne" does not natively support style "Regular" using "Path" instead
01-14 16:12:41 unfiltered 871:Found SVG layer: F.SilkS
01-14 16:12:41 root 928:  Writing Text with 121 points
01-14 16:12:41 root 928:  Writing Text with 12 points
01-14 16:12:44 unfiltered 871:Found SVG layer: F.SilkS
01-14 16:12:44 root 928:  Writing Text with 121 points
01-14 16:12:44 root 928:  Writing Text with 12 points
01-14 16:12:49 root 1198:Font "FredokaOne" does not natively support style "Regular" using "Path" instead
01-14 16:12:49 unfiltered 871:Found SVG layer: F.SilkS
01-14 16:12:49 root 928:  Writing Text with 121 points
01-14 16:12:49 root 928:  Writing Text with 12 points
01-14 16:12:50 root 1198:Font "FredokaOne" does not natively support style "Regular" using "Path" instead
01-14 16:12:50 unfiltered 871:Found SVG layer: F.SilkS
01-14 16:12:50 root 928:  Writing Text with 97 points
01-14 16:12:50 root 928:  Writing Text with 12 points
01-14 16:12:51 root 1198:Font "FredokaOne" does not natively support style "Regular" using "Path" instead
01-14 16:12:51 unfiltered 871:Found SVG layer: F.SilkS
01-14 16:12:51 root 928:  Writing Text with 134 points
01-14 16:12:51 root 928:  Writing Text with 12 points
01-14 16:12:51 root 928:  Writing Text with 18 points
01-14 16:12:52 unfiltered 871:Found SVG layer: F.SilkS
01-14 16:12:52 root 928:  Writing Text with 134 points
01-14 16:12:52 root 928:  Writing Text with 12 points
01-14 16:12:52 root 928:  Writing Text with 18 points
01-14 16:12:56 root 1198:Font "FredokaOne" does not natively support style "Regular" using "Path" instead
01-14 16:12:56 unfiltered 871:Found SVG layer: F.SilkS
01-14 16:12:56 root 928:  Writing Text with 134 points
01-14 16:12:56 root 928:  Writing Text with 12 points
01-14 16:12:56 root 928:  Writing Text with 18 points
01-14 16:12:58 root 1198:Font "FredokaOne" does not natively support style "Regular" using "Path" instead
01-14 16:12:58 unfiltered 871:Found SVG layer: F.SilkS
01-14 16:12:58 root 928:  Writing Text with 97 points
01-14 16:12:58 root 928:  Writing Text with 12 points
01-14 16:12:58 root 1198:Font "FredokaOne" does not natively support style "Regular" using "Path" instead
01-14 16:12:58 unfiltered 871:Found SVG layer: F.SilkS
01-14 16:12:58 root 928:  Writing Text with 154 points
01-14 16:12:58 root 928:  Writing Text with 12 points
01-14 16:12:59 unfiltered 871:Found SVG layer: F.SilkS
01-14 16:12:59 root 928:  Writing Text with 154 points
01-14 16:12:59 root 928:  Writing Text with 12 points
01-14 16:13:04 root 1198:Font "FredokaOne" does not natively support style "Regular" using "Path" instead
01-14 16:13:04 unfiltered 871:Found SVG layer: F.SilkS
01-14 16:13:04 root 928:  Writing Text with 154 points
01-14 16:13:04 root 928:  Writing Text with 12 points
01-14 16:13:07 root 1198:Font "FredokaOne" does not natively support style "Regular" using "Path" instead
01-14 16:13:07 unfiltered 871:Found SVG layer: F.SilkS
01-14 16:13:07 root 928:  Writing Text with 76 points
01-14 16:13:07 root 1198:Font "FredokaOne" does not natively support style "Regular" using "Path" instead
01-14 16:13:07 unfiltered 871:Found SVG layer: F.SilkS
01-14 16:13:07 root 928:  Writing Text with 94 points
01-14 16:13:07 root 1198:Font "FredokaOne" does not natively support style "Regular" using "Path" instead
01-14 16:13:07 unfiltered 871:Found SVG layer: F.SilkS
01-14 16:13:07 root 928:  Writing Text with 160 points
01-14 16:13:08 root 1198:Font "FredokaOne" does not natively support style "Regular" using "Path" instead
01-14 16:13:08 unfiltered 871:Found SVG layer: F.SilkS
01-14 16:13:08 root 928:  Writing Text with 191 points
01-14 16:13:09 unfiltered 871:Found SVG layer: F.SilkS
01-14 16:13:09 root 928:  Writing Text with 191 points
01-14 16:13:13 root 1198:Font "FredokaOne" does not natively support style "Regular" using "Path" instead
01-14 16:13:13 unfiltered 871:Found SVG layer: F.SilkS
01-14 16:13:13 root 928:  Writing Text with 191 points
01-14 16:13:15 root 1198:Font "FredokaOne" does not natively support style "Regular" using "Path" instead
01-14 16:13:15 unfiltered 871:Found SVG layer: F.SilkS
01-14 16:13:15 root 928:  Writing Text with 111 points
01-14 16:13:15 root 1198:Font "FredokaOne" does not natively support style "Regular" using "Path" instead
01-14 16:13:15 unfiltered 871:Found SVG layer: F.SilkS
01-14 16:13:15 root 928:  Writing Text with 139 points
01-14 16:13:15 root 928:  Writing Text with 12 points
01-14 16:13:16 unfiltered 871:Found SVG layer: F.SilkS
01-14 16:13:16 root 928:  Writing Text with 139 points
01-14 16:13:16 root 928:  Writing Text with 12 points
01-14 16:14:09 root 1198:Font "FredokaOne" does not natively support style "Regular" using "Path" instead
01-14 16:14:09 unfiltered 871:Found SVG layer: F.SilkS
01-14 16:14:09 root 928:  Writing Text with 139 points
01-14 16:14:09 root 928:  Writing Text with 12 points
01-14 16:14:11 root 1198:Font "FredokaOne" does not natively support style "Regular" using "Path" instead
01-14 16:14:11 unfiltered 871:Found SVG layer: F.SilkS
01-14 16:14:11 root 928:  Writing Text with 139 points
01-14 16:14:11 root 928:  Writing Text with 12 points
01-14 16:14:12 unfiltered 871:Found SVG layer: F.SilkS
01-14 16:14:12 root 928:  Writing Text with 139 points
01-14 16:14:12 root 928:  Writing Text with 12 points
01-14 16:14:16 root 1198:Font "FredokaOne" does not natively support style "Regular" using "Path" instead
01-14 16:14:16 unfiltered 871:Found SVG layer: F.SilkS
01-14 16:14:16 root 928:  Writing Text with 139 points
01-14 16:14:16 root 928:  Writing Text with 12 points
01-14 16:14:18 root 1198:Font "FredokaOne" does not natively support style "Regular" using "Path" instead
01-14 16:14:18 unfiltered 871:Found SVG layer: F.SilkS
01-14 16:14:18 root 928:  Writing Text with 76 points
01-14 16:14:18 root 1198:Font "FredokaOne" does not natively support style "Regular" using "Path" instead
01-14 16:14:18 unfiltered 871:Found SVG layer: F.SilkS
01-14 16:14:18 root 928:  Writing Text with 94 points
01-14 16:14:19 root 1198:Font "FredokaOne" does not natively support style "Regular" using "Path" instead
01-14 16:14:19 unfiltered 871:Found SVG layer: F.SilkS
01-14 16:14:19 root 928:  Writing Text with 160 points
01-14 16:14:19 root 1198:Font "FredokaOne" does not natively support style "Regular" using "Path" instead
01-14 16:14:19 unfiltered 871:Found SVG layer: F.SilkS
01-14 16:14:19 root 928:  Writing Text with 191 points
01-14 16:14:20 unfiltered 871:Found SVG layer: F.SilkS
01-14 16:14:20 root 928:  Writing Text with 191 points
01-14 16:14:23 root 1198:Font "FredokaOne" does not natively support style "Regular" using "Path" instead
01-14 16:14:23 unfiltered 871:Found SVG layer: F.SilkS
01-14 16:14:23 root 928:  Writing Text with 191 points
01-14 16:14:25 root 1198:Font "FredokaOne" does not natively support style "Regular" using "Path" instead
01-14 16:14:25 unfiltered 871:Found SVG layer: F.SilkS
01-14 16:14:25 root 928:  Writing Text with 69 points
01-14 16:14:25 root 1198:Font "FredokaOne" does not natively support style "Regular" using "Path" instead
01-14 16:14:25 unfiltered 871:Found SVG layer: F.SilkS
01-14 16:14:25 root 928:  Writing Text with 97 points
01-14 16:14:25 root 928:  Writing Text with 12 points
01-14 16:14:26 root 1198:Font "FredokaOne" does not natively support style "Regular" using "Path" instead
01-14 16:14:26 unfiltered 871:Found SVG layer: F.SilkS
01-14 16:14:26 root 928:  Writing Text with 154 points
01-14 16:14:26 root 928:  Writing Text with 12 points
01-14 16:14:27 unfiltered 871:Found SVG layer: F.SilkS
01-14 16:14:27 root 928:  Writing Text with 154 points
01-14 16:14:27 root 928:  Writing Text with 12 points
01-14 16:14:31 root 1198:Font "FredokaOne" does not natively support style "Regular" using "Path" instead
01-14 16:14:31 unfiltered 871:Found SVG layer: F.SilkS
01-14 16:14:31 root 928:  Writing Text with 154 points
01-14 16:14:31 root 928:  Writing Text with 12 points
01-14 16:14:32 root 1198:Font "FredokaOne" does not natively support style "Regular" using "Path" instead
01-14 16:14:32 unfiltered 871:Found SVG layer: F.SilkS
01-14 16:14:32 root 928:  Writing Text with 97 points
01-14 16:14:32 root 928:  Writing Text with 12 points
01-14 16:14:32 root 1198:Font "FredokaOne" does not natively support style "Regular" using "Path" instead
01-14 16:14:32 unfiltered 871:Found SVG layer: F.SilkS
01-14 16:14:32 root 928:  Writing Text with 121 points
01-14 16:14:32 root 928:  Writing Text with 12 points
01-14 16:14:33 unfiltered 871:Found SVG layer: F.SilkS
01-14 16:14:33 root 928:  Writing Text with 121 points
01-14 16:14:33 root 928:  Writing Text with 12 points
01-14 16:14:37 root 1198:Font "FredokaOne" does not natively support style "Regular" using "Path" instead
01-14 16:14:37 unfiltered 871:Found SVG layer: F.SilkS
01-14 16:14:37 root 928:  Writing Text with 121 points
01-14 16:14:37 root 928:  Writing Text with 12 points
01-14 16:14:39 root 1198:Font "FredokaOne" does not natively support style "Regular" using "Path" instead
01-14 16:14:39 unfiltered 871:Found SVG layer: F.SilkS
01-14 16:14:39 root 928:  Writing Text with 97 points
01-14 16:14:39 root 928:  Writing Text with 12 points
01-14 16:14:39 root 1198:Font "FredokaOne" does not natively support style "Regular" using "Path" instead
01-14 16:14:39 unfiltered 871:Found SVG layer: F.SilkS
01-14 16:14:39 root 928:  Writing Text with 134 points
01-14 16:14:39 root 928:  Writing Text with 12 points
01-14 16:14:39 root 928:  Writing Text with 18 points
01-14 16:14:41 unfiltered 871:Found SVG layer: F.SilkS
01-14 16:14:41 root 928:  Writing Text with 134 points
01-14 16:14:41 root 928:  Writing Text with 12 points
01-14 16:14:41 root 928:  Writing Text with 18 points
01-14 16:17:15 root 1198:Font "FredokaOne" does not natively support style "Regular" using "Path" instead
01-14 16:17:15 unfiltered 871:Found SVG layer: F.SilkS
01-14 16:17:15 root 928:  Writing Text with 134 points
01-14 16:17:15 root 928:  Writing Text with 12 points
01-14 16:17:15 root 928:  Writing Text with 18 points
01-14 16:17:17 root 1198:Font "FredokaOne" does not natively support style "Regular" using "Path" instead
01-14 16:17:17 unfiltered 871:Found SVG layer: F.SilkS
01-14 16:17:17 root 928:  Writing Text with 64 points
01-14 16:17:17 root 1198:Font "FredokaOne" does not natively support style "Regular" using "Path" instead
01-14 16:17:17 unfiltered 871:Found SVG layer: F.SilkS
01-14 16:17:17 root 928:  Writing Text with 88 points
01-14 16:17:18 root 1198:Font "FredokaOne" does not natively support style "Regular" using "Path" instead
01-14 16:17:18 unfiltered 871:Found SVG layer: F.SilkS
01-14 16:17:18 root 928:  Writing Text with 64 points
01-14 16:17:19 root 1198:Font "FredokaOne" does not natively support style "Regular" using "Path" instead
01-14 16:17:19 unfiltered 871:Found SVG layer: F.SilkS
01-14 16:17:19 root 928:  Writing Text with 88 points
01-14 16:17:20 root 1198:Font "FredokaOne" does not natively support style "Regular" using "Path" instead
01-14 16:17:20 unfiltered 871:Found SVG layer: F.SilkS
01-14 16:17:20 root 928:  Writing Text with 64 points
01-14 16:17:20 root 1198:Font "FredokaOne" does not natively support style "Regular" using "Path" instead
01-14 16:17:20 unfiltered 871:Found SVG layer: F.SilkS
01-14 16:17:20 root 928:  Writing Text with 95 points
01-14 16:17:23 root 1198:Font "FredokaOne" does not natively support style "Regular" using "Path" instead
01-14 16:17:23 unfiltered 871:Found SVG layer: F.SilkS
01-14 16:17:23 root 928:  Writing Text with 95 points
01-14 16:17:24 unfiltered 871:Found SVG layer: F.SilkS
01-14 16:17:24 root 928:  Writing Text with 95 points
